action: py39, msg: packaging
cwd: /Users/cpoli/opensource/gators
cmd: /Users/cpoli/opensource/gators/.tox/py39/bin/python -m pip install -rrequirements_tox.txt
Requirement already satisfied: setuptools>=51.0.0 in ./.tox/py39/lib/python3.9/site-packages (from -r requirements_tox.txt (line 1)) (58.1.0)
Requirement already satisfied: numpy==1.19.5 in ./.tox/py39/lib/python3.9/site-packages (from -r requirements_tox.txt (line 2)) (1.19.5)
Collecting requests>=2.23.0
  Using cached requests-2.26.0-py2.py3-none-any.whl (62 kB)
Collecting tqdm>=4.43.0
  Using cached tqdm-4.62.3-py2.py3-none-any.whl (76 kB)
Collecting scipy>=1.5.2
  Using cached scipy-1.7.1-cp39-cp39-macosx_10_9_x86_64.whl (32.8 MB)
Requirement already satisfied: Cython>=0.29.24 in ./.tox/py39/lib/python3.9/site-packages (from -r requirements_tox.txt (line 6)) (0.29.24)
Collecting dill>=0.3.1.1
  Using cached dill-0.3.4-py2.py3-none-any.whl (86 kB)
Collecting scikit-learn==0.23.1
  Using cached scikit-learn-0.23.1.tar.gz (7.2 MB)
  Installing build dependencies: started
  Installing build dependencies: still running...
  Installing build dependencies: finished with status 'done'
  Getting requirements to build wheel: started
  Getting requirements to build wheel: finished with status 'done'
    Preparing wheel metadata: started
    Preparing wheel metadata: finished with status 'done'
Collecting seaborn>=0.11.0
  Using cached seaborn-0.11.2-py3-none-any.whl (292 kB)
Collecting pandas>=0.25.3
  Using cached pandas-1.3.4-cp39-cp39-macosx_10_9_x86_64.whl (11.6 MB)
Collecting treelite>=0.93
  Using cached treelite-2.1.0-py3-none-macosx_10_14_x86_64.macosx_10_15_x86_64.macosx_11_0_x86_64.whl (523 kB)
Collecting treelite-runtime>=0.93
  Using cached treelite_runtime-2.1.0-py3-none-macosx_10_14_x86_64.macosx_10_15_x86_64.macosx_11_0_x86_64.whl (64 kB)
Collecting xgboost>=0.90
  Using cached xgboost-1.5.0-py3-none-macosx_10_14_x86_64.macosx_10_15_x86_64.macosx_11_0_x86_64.whl (1.3 MB)
Collecting pyDOE>=0.3.8
  Using cached pyDOE-0.3.8-py3-none-any.whl
Collecting scikit-optimize>=0.8.1
  Using cached scikit_optimize-0.9.0-py2.py3-none-any.whl (100 kB)
Collecting emcee>=3.0.2
  Using cached emcee-3.1.1-py2.py3-none-any.whl (45 kB)
Collecting pyspark>=2.4.3
  Using cached pyspark-3.2.0-py2.py3-none-any.whl
Collecting koalas
  Using cached koalas-1.8.2-py3-none-any.whl (390 kB)
Collecting hyperopt>=0.2.5
  Using cached hyperopt-0.2.5-py2.py3-none-any.whl (965 kB)
Collecting Lightgbm
  Using cached lightgbm-3.3.1-py3-none-macosx_10_14_x86_64.macosx_10_15_x86_64.macosx_11_0_x86_64.whl (1.2 MB)
Collecting pytest>=5.0.0
  Using cached pytest-6.2.5-py3-none-any.whl (280 kB)
Collecting pytest-cov>=2.6.0
  Using cached pytest_cov-3.0.0-py3-none-any.whl (20 kB)
Collecting pylama>=7.6.5
  Using cached pylama-7.7.1-py2.py3-none-any.whl (35 kB)
Collecting docutils==0.16.0
  Using cached docutils-0.16-py2.py3-none-any.whl (548 kB)
Collecting sphinx>=3.3.0
  Using cached Sphinx-4.2.0-py3-none-any.whl (3.1 MB)
Collecting nbsphinx>=0.8.0
  Using cached nbsphinx-0.8.7-py3-none-any.whl (25 kB)
Collecting pydata_sphinx_theme
  Using cached pydata_sphinx_theme-0.7.1-py3-none-any.whl (1.4 MB)
Collecting ipykernel
  Using cached ipykernel-6.4.2-py3-none-any.whl (124 kB)
Collecting jupyter
  Using cached jupyter-1.0.0-py2.py3-none-any.whl (2.7 kB)
Collecting numpydoc
  Using cached numpydoc-1.1.0-py3-none-any.whl (47 kB)
Collecting joblib>=0.11
  Using cached joblib-1.1.0-py2.py3-none-any.whl (306 kB)
Collecting threadpoolctl>=2.0.0
  Using cached threadpoolctl-3.0.0-py3-none-any.whl (14 kB)
Collecting urllib3<1.27,>=1.21.1
  Using cached urllib3-1.26.7-py2.py3-none-any.whl (138 kB)
Collecting charset-normalizer~=2.0.0
  Using cached charset_normalizer-2.0.7-py3-none-any.whl (38 kB)
Collecting certifi>=2017.4.17
  Using cached certifi-2021.10.8-py2.py3-none-any.whl (149 kB)
Collecting idna<4,>=2.5
  Using cached idna-3.3-py3-none-any.whl (61 kB)
Collecting matplotlib>=2.2
  Using cached matplotlib-3.4.3-cp39-cp39-macosx_10_9_x86_64.whl (7.2 MB)
Collecting python-dateutil>=2.7.3
  Using cached python_dateutil-2.8.2-py2.py3-none-any.whl (247 kB)
Collecting pytz>=2017.3
  Using cached pytz-2021.3-py2.py3-none-any.whl (503 kB)
Collecting pyaml>=16.9
  Using cached pyaml-21.10.1-py2.py3-none-any.whl (24 kB)
Collecting py4j==0.10.9.2
  Using cached py4j-0.10.9.2-py2.py3-none-any.whl (198 kB)
Collecting pyarrow>=0.10
  Using cached pyarrow-6.0.0-cp39-cp39-macosx_10_13_x86_64.whl (19.1 MB)
Collecting cloudpickle
  Using cached cloudpickle-2.0.0-py3-none-any.whl (25 kB)
Collecting networkx>=2.2
  Using cached networkx-2.6.3-py3-none-any.whl (1.9 MB)
Collecting future
  Using cached future-0.18.2-py3-none-any.whl
Collecting six
  Using cached six-1.16.0-py2.py3-none-any.whl (11 kB)
Requirement already satisfied: wheel in ./.tox/py39/lib/python3.9/site-packages (from Lightgbm->-r requirements_tox.txt (line 20)) (0.37.0)
Collecting iniconfig
  Using cached iniconfig-1.1.1-py2.py3-none-any.whl (5.0 kB)
Collecting attrs>=19.2.0
  Using cached attrs-21.2.0-py2.py3-none-any.whl (53 kB)
Collecting packaging
  Using cached packaging-21.2-py3-none-any.whl (40 kB)
Collecting pluggy<2.0,>=0.12
  Using cached pluggy-1.0.0-py2.py3-none-any.whl (13 kB)
Collecting toml
  Using cached toml-0.10.2-py2.py3-none-any.whl (16 kB)
Collecting py>=1.8.2
  Using cached py-1.10.0-py2.py3-none-any.whl (97 kB)
Collecting coverage[toml]>=5.2.1
  Using cached coverage-6.0.2-cp39-cp39-macosx_10_9_x86_64.whl (218 kB)
Collecting pyflakes>=1.5.0
  Using cached pyflakes-2.4.0-py2.py3-none-any.whl (69 kB)
Collecting pydocstyle>=2.0.0
  Using cached pydocstyle-6.1.1-py3-none-any.whl (37 kB)
Collecting pycodestyle>=2.3.1
  Using cached pycodestyle-2.8.0-py2.py3-none-any.whl (42 kB)
Collecting mccabe>=0.5.2
  Using cached mccabe-0.6.1-py2.py3-none-any.whl (8.6 kB)
Collecting sphinxcontrib-jsmath
  Using cached sphinxcontrib_jsmath-1.0.1-py2.py3-none-any.whl (5.1 kB)
Collecting imagesize
  Using cached imagesize-1.2.0-py2.py3-none-any.whl (4.8 kB)
Collecting alabaster<0.8,>=0.7
  Using cached alabaster-0.7.12-py2.py3-none-any.whl (14 kB)
Collecting sphinxcontrib-serializinghtml>=1.1.5
  Using cached sphinxcontrib_serializinghtml-1.1.5-py2.py3-none-any.whl (94 kB)
Collecting sphinxcontrib-devhelp
  Using cached sphinxcontrib_devhelp-1.0.2-py2.py3-none-any.whl (84 kB)
Collecting sphinxcontrib-applehelp
  Using cached sphinxcontrib_applehelp-1.0.2-py2.py3-none-any.whl (121 kB)
Collecting Pygments>=2.0
  Using cached Pygments-2.10.0-py3-none-any.whl (1.0 MB)
Collecting snowballstemmer>=1.1
  Using cached snowballstemmer-2.1.0-py2.py3-none-any.whl (93 kB)
Collecting sphinxcontrib-htmlhelp>=2.0.0
  Using cached sphinxcontrib_htmlhelp-2.0.0-py2.py3-none-any.whl (100 kB)
Collecting sphinxcontrib-qthelp
  Using cached sphinxcontrib_qthelp-1.0.3-py2.py3-none-any.whl (90 kB)
Collecting babel>=1.3
  Using cached Babel-2.9.1-py2.py3-none-any.whl (8.8 MB)
Collecting Jinja2>=2.3
  Using cached Jinja2-3.0.2-py3-none-any.whl (133 kB)
Collecting traitlets
  Using cached traitlets-5.1.1-py3-none-any.whl (102 kB)
Collecting nbconvert!=5.4
  Using cached nbconvert-6.2.0-py3-none-any.whl (553 kB)
Collecting nbformat
  Using cached nbformat-5.1.3-py3-none-any.whl (178 kB)
Collecting beautifulsoup4
  Using cached beautifulsoup4-4.10.0-py3-none-any.whl (97 kB)
Collecting debugpy<2.0,>=1.0.0
  Using cached debugpy-1.5.1-cp39-cp39-macosx_10_15_x86_64.whl (1.7 MB)
Collecting matplotlib-inline<0.2.0,>=0.1.0
  Using cached matplotlib_inline-0.1.3-py3-none-any.whl (8.2 kB)
Collecting appnope
  Using cached appnope-0.1.2-py2.py3-none-any.whl (4.3 kB)
Collecting ipython-genutils
  Using cached ipython_genutils-0.2.0-py2.py3-none-any.whl (26 kB)
Collecting tornado<7.0,>=4.2
  Using cached tornado-6.1-cp39-cp39-macosx_10_9_x86_64.whl (416 kB)
Collecting jupyter-client<8.0
  Using cached jupyter_client-7.0.6-py3-none-any.whl (125 kB)
Collecting ipython<8.0,>=7.23.1
  Using cached ipython-7.28.0-py3-none-any.whl (788 kB)
Collecting ipywidgets
  Using cached ipywidgets-7.6.5-py2.py3-none-any.whl (121 kB)
Collecting notebook
  Using cached notebook-6.4.5-py3-none-any.whl (9.9 MB)
Collecting qtconsole
  Using cached qtconsole-5.1.1-py3-none-any.whl (119 kB)
Collecting jupyter-console
  Using cached jupyter_console-6.4.0-py3-none-any.whl (22 kB)
Collecting tomli
  Using cached tomli-1.2.2-py3-none-any.whl (12 kB)
Collecting jedi>=0.16
  Using cached jedi-0.18.0-py2.py3-none-any.whl (1.4 MB)
Collecting pickleshare
  Using cached pickleshare-0.7.5-py2.py3-none-any.whl (6.9 kB)
Collecting pexpect>4.3
  Using cached pexpect-4.8.0-py2.py3-none-any.whl (59 kB)
Collecting backcall
  Using cached backcall-0.2.0-py2.py3-none-any.whl (11 kB)
Collecting decorator
  Using cached decorator-5.1.0-py3-none-any.whl (9.1 kB)
Collecting prompt-toolkit!=3.0.0,!=3.0.1,<3.1.0,>=2.0.0
  Using cached prompt_toolkit-3.0.21-py3-none-any.whl (374 kB)
Collecting parso<0.9.0,>=0.8.0
  Using cached parso-0.8.2-py2.py3-none-any.whl (94 kB)
Collecting MarkupSafe>=2.0
  Using cached MarkupSafe-2.0.1-cp39-cp39-macosx_10_9_x86_64.whl (13 kB)
Collecting jupyter-core>=4.6.0
  Using cached jupyter_core-4.9.1-py3-none-any.whl (86 kB)
Collecting entrypoints
  Using cached entrypoints-0.3-py2.py3-none-any.whl (11 kB)
Collecting pyzmq>=13
  Using cached pyzmq-22.3.0-cp39-cp39-macosx_10_15_universal2.whl (2.0 MB)
Collecting nest-asyncio>=1.5
  Using cached nest_asyncio-1.5.1-py3-none-any.whl (5.0 kB)
Collecting pillow>=6.2.0
  Using cached Pillow-8.4.0-cp39-cp39-macosx_10_10_x86_64.whl (3.0 MB)
Collecting pyparsing>=2.2.1
  Using cached pyparsing-3.0.3-py3-none-any.whl (96 kB)
Collecting kiwisolver>=1.0.1
  Using cached kiwisolver-1.3.2-cp39-cp39-macosx_10_9_x86_64.whl (61 kB)
Collecting cycler>=0.10
  Using cached cycler-0.11.0-py3-none-any.whl (6.4 kB)
Collecting nbclient<0.6.0,>=0.5.0
  Using cached nbclient-0.5.4-py3-none-any.whl (66 kB)
Collecting pandocfilters>=1.4.1
  Using cached pandocfilters-1.5.0-py2.py3-none-any.whl (8.7 kB)
Collecting testpath
  Using cached testpath-0.5.0-py3-none-any.whl (84 kB)
Collecting defusedxml
  Using cached defusedxml-0.7.1-py2.py3-none-any.whl (25 kB)
Collecting jupyterlab-pygments
  Using cached jupyterlab_pygments-0.1.2-py2.py3-none-any.whl (4.6 kB)
Collecting bleach
  Using cached bleach-4.1.0-py2.py3-none-any.whl (157 kB)
Collecting mistune<2,>=0.8.1
  Using cached mistune-0.8.4-py2.py3-none-any.whl (16 kB)
Collecting jsonschema!=2.5.0,>=2.4
  Using cached jsonschema-4.1.2-py3-none-any.whl (69 kB)
Collecting pyrsistent!=0.17.0,!=0.17.1,!=0.17.2,>=0.14.0
  Using cached pyrsistent-0.18.0-cp39-cp39-macosx_10_9_x86_64.whl (68 kB)
Collecting ptyprocess>=0.5
  Using cached ptyprocess-0.7.0-py2.py3-none-any.whl (13 kB)
Collecting wcwidth
  Using cached wcwidth-0.2.5-py2.py3-none-any.whl (30 kB)
Collecting PyYAML
  Using cached PyYAML-6.0-cp39-cp39-macosx_10_9_x86_64.whl (197 kB)
Collecting soupsieve>1.2
  Using cached soupsieve-2.2.1-py3-none-any.whl (33 kB)
Collecting webencodings
  Using cached webencodings-0.5.1-py2.py3-none-any.whl (11 kB)
Collecting widgetsnbextension~=3.5.0
  Using cached widgetsnbextension-3.5.2-py2.py3-none-any.whl (1.6 MB)
Collecting jupyterlab-widgets>=1.0.0
  Using cached jupyterlab_widgets-1.0.2-py3-none-any.whl (243 kB)
Collecting Send2Trash>=1.5.0
  Using cached Send2Trash-1.8.0-py3-none-any.whl (18 kB)
Collecting terminado>=0.8.3
  Using cached terminado-0.12.1-py3-none-any.whl (15 kB)
Collecting argon2-cffi
  Using cached argon2_cffi-21.1.0-cp35-abi3-macosx_10_14_x86_64.whl (38 kB)
Collecting prometheus-client
  Using cached prometheus_client-0.11.0-py2.py3-none-any.whl (56 kB)
Collecting cffi>=1.0.0
  Using cached cffi-1.15.0-cp39-cp39-macosx_10_9_x86_64.whl (178 kB)
Collecting pycparser
  Using cached pycparser-2.20-py2.py3-none-any.whl (112 kB)
Collecting pyparsing>=2.2.1
  Using cached pyparsing-2.4.7-py2.py3-none-any.whl (67 kB)
Collecting qtpy
  Using cached QtPy-1.11.2-py2.py3-none-any.whl (58 kB)
Building wheels for collected packages: scikit-learn
  Building wheel for scikit-learn (PEP 517): started
  Building wheel for scikit-learn (PEP 517): still running...
  Building wheel for scikit-learn (PEP 517): still running...
  Building wheel for scikit-learn (PEP 517): still running...
  Building wheel for scikit-learn (PEP 517): finished with status 'done'
  Created wheel for scikit-learn: filename=scikit_learn-0.23.1-cp39-cp39-macosx_11_0_x86_64.whl size=6939801 sha256=c030bd773bab77fd0c12cbcd325d334a1ee61b931fa3460e4f63518afa102ef8
  Stored in directory: /Users/cpoli/Library/Caches/pip/wheels/90/dc/33/9925b35a5a994256489b73bfb1672ee6ca87559dfdcc86226f
Successfully built scikit-learn
Installing collected packages: traitlets, six, pyrsistent, attrs, wcwidth, tornado, pyzmq, python-dateutil, pyparsing, ptyprocess, parso, nest-asyncio, jupyter-core, jsonschema, ipython-genutils, entrypoints, webencodings, Pygments, pycparser, prompt-toolkit, pickleshare, pexpect, packaging, nbformat, matplotlib-inline, MarkupSafe, jupyter-client, jedi, decorator, backcall, appnope, testpath, pandocfilters, nbclient, mistune, jupyterlab-pygments, Jinja2, ipython, defusedxml, debugpy, cffi, bleach, terminado, Send2Trash, prometheus-client, nbconvert, ipykernel, argon2-cffi, urllib3, pytz, notebook, idna, charset-normalizer, certifi, widgetsnbextension, tomli, toml, threadpoolctl, sphinxcontrib-serializinghtml, sphinxcontrib-qthelp, sphinxcontrib-jsmath, sphinxcontrib-htmlhelp, sphinxcontrib-devhelp, sphinxcontrib-applehelp, soupsieve, snowballstemmer, scipy, requests, qtpy, PyYAML, py, pluggy, pillow, kiwisolver, jupyterlab-widgets, joblib, iniconfig, imagesize, docutils, cycler, coverage, babel, alabaster, tqdm, sphinx, scikit-learn, qtconsole, pytest, pyflakes, pydocstyle, pycodestyle, pyarrow, pyaml, py4j, pandas, networkx, mccabe, matplotlib, jupyter-console, ipywidgets, future, cloudpickle, beautifulsoup4, xgboost, treelite-runtime, treelite, seaborn, scikit-optimize, pytest-cov, pyspark, pylama, pyDOE, pydata-sphinx-theme, numpydoc, nbsphinx, Lightgbm, koalas, jupyter, hyperopt, emcee, dill
Successfully installed Jinja2-3.0.2 Lightgbm-3.3.1 MarkupSafe-2.0.1 PyYAML-6.0 Pygments-2.10.0 Send2Trash-1.8.0 alabaster-0.7.12 appnope-0.1.2 argon2-cffi-21.1.0 attrs-21.2.0 babel-2.9.1 backcall-0.2.0 beautifulsoup4-4.10.0 bleach-4.1.0 certifi-2021.10.8 cffi-1.15.0 charset-normalizer-2.0.7 cloudpickle-2.0.0 coverage-6.0.2 cycler-0.11.0 debugpy-1.5.1 decorator-5.1.0 defusedxml-0.7.1 dill-0.3.4 docutils-0.16 emcee-3.1.1 entrypoints-0.3 future-0.18.2 hyperopt-0.2.5 idna-3.3 imagesize-1.2.0 iniconfig-1.1.1 ipykernel-6.4.2 ipython-7.28.0 ipython-genutils-0.2.0 ipywidgets-7.6.5 jedi-0.18.0 joblib-1.1.0 jsonschema-4.1.2 jupyter-1.0.0 jupyter-client-7.0.6 jupyter-console-6.4.0 jupyter-core-4.9.1 jupyterlab-pygments-0.1.2 jupyterlab-widgets-1.0.2 kiwisolver-1.3.2 koalas-1.8.2 matplotlib-3.4.3 matplotlib-inline-0.1.3 mccabe-0.6.1 mistune-0.8.4 nbclient-0.5.4 nbconvert-6.2.0 nbformat-5.1.3 nbsphinx-0.8.7 nest-asyncio-1.5.1 networkx-2.6.3 notebook-6.4.5 numpydoc-1.1.0 packaging-21.2 pandas-1.3.4 pandocfilters-1.5.0 parso-0.8.2 pexpect-4.8.0 pickleshare-0.7.5 pillow-8.4.0 pluggy-1.0.0 prometheus-client-0.11.0 prompt-toolkit-3.0.21 ptyprocess-0.7.0 py-1.10.0 py4j-0.10.9.2 pyDOE-0.3.8 pyaml-21.10.1 pyarrow-6.0.0 pycodestyle-2.8.0 pycparser-2.20 pydata-sphinx-theme-0.7.1 pydocstyle-6.1.1 pyflakes-2.4.0 pylama-7.7.1 pyparsing-2.4.7 pyrsistent-0.18.0 pyspark-3.2.0 pytest-6.2.5 pytest-cov-3.0.0 python-dateutil-2.8.2 pytz-2021.3 pyzmq-22.3.0 qtconsole-5.1.1 qtpy-1.11.2 requests-2.26.0 scikit-learn-0.23.1 scikit-optimize-0.9.0 scipy-1.7.1 seaborn-0.11.2 six-1.16.0 snowballstemmer-2.1.0 soupsieve-2.2.1 sphinx-4.2.0 sphinxcontrib-applehelp-1.0.2 sphinxcontrib-devhelp-1.0.2 sphinxcontrib-htmlhelp-2.0.0 sphinxcontrib-jsmath-1.0.1 sphinxcontrib-qthelp-1.0.3 sphinxcontrib-serializinghtml-1.1.5 terminado-0.12.1 testpath-0.5.0 threadpoolctl-3.0.0 toml-0.10.2 tomli-1.2.2 tornado-6.1 tqdm-4.62.3 traitlets-5.1.1 treelite-2.1.0 treelite-runtime-2.1.0 urllib3-1.26.7 wcwidth-0.2.5 webencodings-0.5.1 widgetsnbextension-3.5.2 xgboost-1.5.0
WARNING: You are using pip version 21.2.4; however, version 21.3.1 is available.
You should consider upgrading via the '/Users/cpoli/opensource/gators/.tox/py39/bin/python -m pip install --upgrade pip' command.
